<?xml version="1.0" encoding="UTF-8"?>
<coverage generated="1784124397178" clover="3.2.0">
  <project timestamp="1784124397178" name="All files">
    <metrics statements="29" coveredstatements="1" conditionals="8" coveredconditionals="0" methods="10" coveredmethods="0" elements="47" coveredelements="1" complexity="0" loc="29" ncloc="29" packages="1" files="3" classes="3"/>
    <file name="App.tsx" path="C:\Users\ahnar\Downloads\appcicd-main2\App.tsx">
      <metrics statements="14" coveredstatements="1" conditionals="4" coveredconditionals="0" methods="5" coveredmethods="0"/>
      <line num="7" count="0" type="stmt"/>
      <line num="9" count="0" type="stmt"/>
      <line num="11" count="0" type="stmt"/>
      <line num="13" count="0" type="cond" truecount="0" falsecount="2"/>
      <line num="15" count="0" type="stmt"/>
      <line num="16" count="0" type="cond" truecount="0" falsecount="2"/>
      <line num="17" count="0" type="stmt"/>
      <line num="18" count="0" type="stmt"/>
      <line num="21" count="0" type="stmt"/>
      <line num="25" count="0" type="stmt"/>
      <line num="28" count="0" type="stmt"/>
      <line num="31" count="0" type="stmt"/>
      <line num="45" count="0" type="stmt"/>
      <line num="55" count="1" type="stmt"/>
    </file>
    <file name="app2.tsx" path="C:\Users\ahnar\Downloads\appcicd-main2\app2.tsx">
      <metrics statements="14" coveredstatements="0" conditionals="4" coveredconditionals="0" methods="5" coveredmethods="0"/>
      <line num="7" count="0" type="stmt"/>
      <line num="9" count="0" type="stmt"/>
      <line num="11" count="0" type="stmt"/>
      <line num="13" count="0" type="cond" truecount="0" falsecount="2"/>
      <line num="15" count="0" type="stmt"/>
      <line num="16" count="0" type="cond" truecount="0" falsecount="2"/>
      <line num="17" count="0" type="stmt"/>
      <line num="18" count="0" type="stmt"/>
      <line num="21" count="0" type="stmt"/>
      <line num="25" count="0" type="stmt"/>
      <line num="28" count="0" type="stmt"/>
      <line num="31" count="0" type="stmt"/>
      <line num="45" count="0" type="stmt"/>
      <line num="55" count="0" type="stmt"/>
    </file>
    <file name="index.ts" path="C:\Users\ahnar\Downloads\appcicd-main2\index.ts">
      <metrics statements="1" coveredstatements="0" conditionals="0" coveredconditionals="0" methods="0" coveredmethods="0"/>
      <line num="8" count="0" type="stmt"/>
    </file>
  </project>
</coverage>
