{"C:\\Users\\HEB Lab 2 - PC 35\\Downloads\\appcicd-main\\App.tsx": {"path":"C:\\Users\\HEB Lab 2 - PC 35\\Downloads\\appcicd-main\\App.tsx","statementMap":{"0":{"start":{"line":7,"column":28},"end":{"line":7,"column":39}},"1":{"start":{"line":9,"column":2},"end":{"line":29,"column":9}},"2":{"start":{"line":11,"column":6},"end":{"line":26,"column":7}},"3":{"start":{"line":13,"column":8},"end":{"line":13,"column":28}},"4":{"start":{"line":13,"column":21},"end":{"line":13,"column":28}},"5":{"start":{"line":15,"column":23},"end":{"line":15,"column":58}},"6":{"start":{"line":16,"column":8},"end":{"line":23,"column":9}},"7":{"start":{"line":17,"column":10},"end":{"line":17,"column":43}},"8":{"start":{"line":18,"column":10},"end":{"line":22,"column":12}},"9":{"start":{"line":21,"column":48},"end":{"line":21,"column":75}},"10":{"start":{"line":25,"column":8},"end":{"line":25,"column":65}},"11":{"start":{"line":28,"column":4},"end":{"line":28,"column":25}},"12":{"start":{"line":31,"column":2},"end":{"line":52,"column":4}},"13":{"start":{"line":45,"column":27},"end":{"line":45,"column":46}},"14":{"start":{"line":55,"column":15},"end":{"line":88,"column":2}}},"fnMap":{"0":{"name":"App","decl":{"start":{"line":6,"column":24},"end":{"line":6,"column":27}},"loc":{"start":{"line":6,"column":30},"end":{"line":53,"column":1}},"line":6},"1":{"name":"(anonymous_1)","decl":{"start":{"line":9,"column":12},"end":{"line":9,"column":13}},"loc":{"start":{"line":9,"column":18},"end":{"line":29,"column":3}},"line":9},"2":{"name":"onFetchUpdateAsync","decl":{"start":{"line":10,"column":19},"end":{"line":10,"column":37}},"loc":{"start":{"line":10,"column":40},"end":{"line":27,"column":5}},"line":10},"3":{"name":"(anonymous_3)","decl":{"start":{"line":21,"column":36},"end":{"line":21,"column":37}},"loc":{"start":{"line":21,"column":48},"end":{"line":21,"column":75}},"line":21},"4":{"name":"(anonymous_4)","decl":{"start":{"line":45,"column":21},"end":{"line":45,"column":22}},"loc":{"start":{"line":45,"column":27},"end":{"line":45,"column":46}},"line":45}},"branchMap":{"0":{"loc":{"start":{"line":13,"column":8},"end":{"line":13,"column":28}},"type":"if","locations":[{"start":{"line":13,"column":8},"end":{"line":13,"column":28}},{"start":{},"end":{}}],"line":13},"1":{"loc":{"start":{"line":16,"column":8},"end":{"line":23,"column":9}},"type":"if","locations":[{"start":{"line":16,"column":8},"end":{"line":23,"column":9}},{"start":{},"end":{}}],"line":16}},"s":{"0":0,"1":0,"2":0,"3":0,"4":0,"5":0,"6":0,"7":0,"8":0,"9":0,"10":0,"11":0,"12":0,"13":0,"14":1},"f":{"0":0,"1":0,"2":0,"3":0,"4":0},"b":{"0":[0,0],"1":[0,0]},"_coverageSchema":"1a1c01bbd47fc00a2c39e90264f33305004495a9","hash":"77bf267b79ca90887ad94f67313af560b03b1b86"}
,"C:\\Users\\HEB Lab 2 - PC 35\\Downloads\\appcicd-main\\index.ts": {"path":"C:\\Users\\HEB Lab 2 - PC 35\\Downloads\\appcicd-main\\index.ts","statementMap":{"0":{"start":{"line":8,"column":0},"end":{"line":8,"column":27}}},"fnMap":{},"branchMap":{},"s":{"0":0},"f":{},"b":{}}
}
